<?xml version="1.0" encoding="UTF-8"?>
<testng-results skipped="0" failed="0" ignored="0" total="1" passed="1">
  <reporter-output>
  </reporter-output>
  <suite name="Suite" duration-ms="69053" started-at="2020-05-10T12:04:31Z" finished-at="2020-05-10T12:05:40Z">
    <groups>
    </groups>
    <test name="Test" duration-ms="69053" started-at="2020-05-10T12:04:31Z" finished-at="2020-05-10T12:05:40Z">
      <class name="homepage.HeaderFooter">
        <test-method status="PASS" signature="Loginpage()[pri:0, instance:homepage.HeaderFooter@617faa95]" name="Loginpage" is-config="true" duration-ms="22850" started-at="2020-05-10T17:34:31Z" finished-at="2020-05-10T17:34:54Z">
          <reporter-output>
          </reporter-output>
        </test-method> <!-- Loginpage -->
        <test-method status="PASS" signature="headerfooter()[pri:0, instance:homepage.HeaderFooter@617faa95]" name="headerfooter" duration-ms="46163" started-at="2020-05-10T17:34:54Z" finished-at="2020-05-10T17:35:40Z">
          <reporter-output>
          </reporter-output>
        </test-method> <!-- headerfooter -->
      </class> <!-- homepage.HeaderFooter -->
    </test> <!-- Test -->
  </suite> <!-- Suite -->
</testng-results>
